<?xml version="1.0" encoding="UTF-8"?>
<testsuite xmlns:xsi="http://www.w3.org/2001/XMLSchema-instance" xsi:noNamespaceSchemaLocation="https://maven.apache.org/surefire/maven-surefire-plugin/xsd/surefire-test-report-3.0.xsd" version="3.0" name="com.dvcs.git.transport.UploadPackServiceImplTest$AdvertiseRefs" time="0.05" tests="4" errors="0" skipped="0" failures="0">
  <properties>
[...]
</properties>
  <testcase name="oneBranch_returnsRefLineWithCapabilities" classname="com.dvcs.git.transport.UploadPackServiceImplTest$AdvertiseRefs" time="0.013"/>
  <testcase name="multipleBranches_onlyFirstHasCapabilities" classname="com.dvcs.git.transport.UploadPackServiceImplTest$AdvertiseRefs" time="0.015"/>
  <testcase name="emptyRepo_returnsCapabilitiesAdvertisement" classname="com.dvcs.git.transport.UploadPackServiceImplTest$AdvertiseRefs" time="0.007"/>
  <testcase name="eachRef_isValidPktLine" classname="com.dvcs.git.transport.UploadPackServiceImplTest$AdvertiseRefs" time="0.005"/>
</testsuite>