<?xml version="1.0" encoding="UTF-8"?>
<testsuite xmlns:xsi="http://www.w3.org/2001/XMLSchema-instance" xsi:noNamespaceSchemaLocation="https://maven.apache.org/surefire/maven-surefire-plugin/xsd/surefire-test-report-3.0.xsd" version="3.0" name="com.dvcs.notification.NotificationControllerIT" time="64.456" tests="4" errors="0" skipped="0" failures="0">
  <properties>
[...]
</properties>
  <testcase name="markAsRead_otherUsersNotification_returns403" classname="com.dvcs.notification.NotificationControllerIT" time="4.389">
    <system-out><![CDATA[14:15:43.439 [main] INFO org.testcontainers.images.PullPolicy -- Image pull policy will be performed by: DefaultPullPolicy()
14:15:43.450 [main] INFO org.testcontainers.utility.ImageNameSubstitutor -- Image name substitution will be performed by: DefaultImageNameSubstitutor (composite of 'ConfigurationFileImageNameSubstitutor' and 'PrefixingImageNameSubstitutor')
14:15:44.215 [main] INFO org.testcontainers.dockerclient.DockerClientProviderStrategy -- Loaded org.testcontainers.dockerclient.NpipeSocketClientProviderStrategy from ~/.testcontainers.properties, will try it first
14:15:45.193 [main] INFO org.testcontainers.dockerclient.DockerClientProviderStrategy -- Found Docker environment with local Npipe socket (npipe:////./pipe/docker_engine)
14:15:45.199 [main] INFO org.testcontainers.DockerClientFactory -- Docker host IP address is localhost
14:15:45.248 [main] INFO org.testcontainers.DockerClientFactory -- Connected to docker: 
  Server Version: 28.5.2
  API Version: 1.51
  Operating System: Docker Desktop
  Total Memory: 7763 MB
14:15:45.479 [main] INFO tc.testcontainers/ryuk:0.6.0 -- Creating container for image: testcontainers/ryuk:0.6.0
14:15:45.825 [main] INFO org.testcontainers.utility.RegistryAuthLocator -- Credential helper/store (docker-credential-desktop) does not have credentials for https://index.docker.io/v1/
14:15:46.315 [main] INFO tc.testcontainers/ryuk:0.6.0 -- Container testcontainers/ryuk:0.6.0 is starting: d5601dd5a13e37ae1e70281104e30698d63a45b5ccd8cbdb9a201653d29d8fe4
14:15:48.921 [main] INFO tc.testcontainers/ryuk:0.6.0 -- Container testcontainers/ryuk:0.6.0 started in PT3.4427341S
14:15:48.945 [main] INFO org.testcontainers.utility.RyukResourceReaper -- Ryuk started - will monitor and terminate Testcontainers containers on JVM exit
14:15:48.946 [main] INFO org.testcontainers.DockerClientFactory -- Checking the system...
14:15:48.947 [main] INFO org.testcontainers.DockerClientFactory -- ✔︎ Docker server version should be at least 1.6.0
14:15:48.949 [main] INFO tc.redis:7-alpine -- Creating container for image: redis:7-alpine
14:15:49.084 [main] INFO tc.redis:7-alpine -- Container redis:7-alpine is starting: d4c8d3294833c6766f14ff279b4c782399daf6e62db31aea8c6447bb4720c4ea
14:15:50.028 [main] INFO tc.redis:7-alpine -- Container redis:7-alpine started in PT1.0793074S
14:15:50.029 [main] INFO tc.postgres:16-alpine -- Creating container for image: postgres:16-alpine
14:15:50.201 [main] INFO tc.postgres:16-alpine -- Container postgres:16-alpine is starting: 7d9745c4c8cf403f62e3c9b366b0510302b896a17c3995bdf575319392392e1c
14:15:54.404 [main] INFO tc.postgres:16-alpine -- Container postgres:16-alpine started in PT4.3751661S
14:15:54.406 [main] INFO tc.postgres:16-alpine -- Container is started (JDBC URL: jdbc:postgresql://localhost:51125/dvcs_notification_test?loggerLevel=OFF)

  .   ____          _            __ _ _
 /\\ / ___'_ __ _ _(_)_ __  __ _ \ \ \ \
( ( )\___ | '_ | '_| | '_ \/ _` | \ \ \ \
 \\/  ___)| |_)| | | | | || (_| |  ) ) ) )
  '  |____| .__|_| |_|_| |_\__, | / / / /
 =========|_|==============|___/=/_/_/_/
 :: Spring Boot ::                (v3.2.5)

2026-05-07T14:15:56.417+05:30  INFO 6352 --- [           main] c.d.n.NotificationControllerIT           : Starting NotificationControllerIT using Java 21.0.9 with PID 6352 (started by Yuvraj Pandiya in X:\DVCS\backend\backend-notification)
2026-05-07T14:15:56.423+05:30  INFO 6352 --- [           main] c.d.n.NotificationControllerIT           : No active profile set, falling back to 1 default profile: "default"
2026-05-07T14:16:02.337+05:30  INFO 6352 --- [           main] .s.d.r.c.RepositoryConfigurationDelegate : Multiple Spring Data modules found, entering strict repository configuration mode
2026-05-07T14:16:02.345+05:30  INFO 6352 --- [           main] .s.d.r.c.RepositoryConfigurationDelegate : Bootstrapping Spring Data JPA repositories in DEFAULT mode.
2026-05-07T14:16:03.432+05:30  INFO 6352 --- [           main] .s.d.r.c.RepositoryConfigurationDelegate : Finished Spring Data repository scanning in 1029 ms. Found 10 JPA repository interfaces.
2026-05-07T14:16:03.629+05:30  INFO 6352 --- [           main] .s.d.r.c.RepositoryConfigurationDelegate : Multiple Spring Data modules found, entering strict repository configuration mode
2026-05-07T14:16:03.636+05:30  INFO 6352 --- [           main] .s.d.r.c.RepositoryConfigurationDelegate : Bootstrapping Spring Data Redis repositories in DEFAULT mode.
2026-05-07T14:16:03.718+05:30  INFO 6352 --- [           main] .RepositoryConfigurationExtensionSupport : Spring Data Redis - Could not safely identify store assignment for repository candidate interface com.dvcs.notification.repository.NotificationRepository; If you want this repository to be a Redis repository, consider annotating your entities with one of these annotations: org.springframework.data.redis.core.RedisHash (preferred), or consider extending one of the following types with your repository: org.springframework.data.keyvalue.repository.KeyValueRepository
2026-05-07T14:16:03.719+05:30  INFO 6352 --- [           main] .RepositoryConfigurationExtensionSupport : Spring Data Redis - Could not safely identify store assignment for repository candidate interface com.dvcs.auth.repository.PersonalTokenRepository; If you want this repository to be a Redis repository, consider annotating your entities with one of these annotations: org.springframework.data.redis.core.RedisHash (preferred), or consider extending one of the following types with your repository: org.springframework.data.keyvalue.repository.KeyValueRepository
2026-05-07T14:16:03.721+05:30  INFO 6352 --- [           main] .RepositoryConfigurationExtensionSupport : Spring Data Redis - Could not safely identify store assignment for repository candidate interface com.dvcs.auth.repository.RefreshTokenRepository; If you want this repository to be a Redis repository, consider annotating your entities with one of these annotations: org.springframework.data.redis.core.RedisHash (preferred), or consider extending one of the following types with your repository: org.springframework.data.keyvalue.repository.KeyValueRepository
2026-05-07T14:16:03.721+05:30  INFO 6352 --- [           main] .RepositoryConfigurationExtensionSupport : Spring Data Redis - Could not safely identify store assignment for repository candidate interface com.dvcs.auth.repository.SshKeyRepository; If you want this repository to be a Redis repository, consider annotating your entities with one of these annotations: org.springframework.data.redis.core.RedisHash (preferred), or consider extending one of the following types with your repository: org.springframework.data.keyvalue.repository.KeyValueRepository
2026-05-07T14:16:03.722+05:30  INFO 6352 --- [           main] .RepositoryConfigurationExtensionSupport : Spring Data Redis - Could not safely identify store assignment for repository candidate interface com.dvcs.auth.repository.UserRepository; If you want this repository to be a Redis repository, consider annotating your entities with one of these annotations: org.springframework.data.redis.core.RedisHash (preferred), or consider extending one of the following types with your repository: org.springframework.data.keyvalue.repository.KeyValueRepository
2026-05-07T14:16:03.724+05:30  INFO 6352 --- [           main] .RepositoryConfigurationExtensionSupport : Spring Data Redis - Could not safely identify store assignment for repository candidate interface com.dvcs.repository.repository.BranchRepository; If you want this repository to be a Redis repository, consider annotating your entities with one of these annotations: org.springframework.data.redis.core.RedisHash (preferred), or consider extending one of the following types with your repository: org.springframework.data.keyvalue.repository.KeyValueRepository
2026-05-07T14:16:03.727+05:30  INFO 6352 --- [           main] .RepositoryConfigurationExtensionSupport : Spring Data Redis - Could not safely identify store assignment for repository candidate interface com.dvcs.repository.repository.CollaboratorRepository; If you want this repository to be a Redis repository, consider annotating your entities with one of these annotations: org.springframework.data.redis.core.RedisHash (preferred), or consider extending one of the following types with your repository: org.springframework.data.keyvalue.repository.KeyValueRepository
2026-05-07T14:16:03.728+05:30  INFO 6352 --- [           main] .RepositoryConfigurationExtensionSupport : Spring Data Redis - Could not safely identify store assignment for repository candidate interface com.dvcs.repository.repository.CommitMetaRepository; If you want this repository to be a Redis repository, consider annotating your entities with one of these annotations: org.springframework.data.redis.core.RedisHash (preferred), or consider extending one of the following types with your repository: org.springframework.data.keyvalue.repository.KeyValueRepository
2026-05-07T14:16:03.730+05:30  INFO 6352 --- [           main] .RepositoryConfigurationExtensionSupport : Spring Data Redis - Could not safely identify store assignment for repository candidate interface com.dvcs.repository.repository.GitObjectRepository; If you want this repository to be a Redis repository, consider annotating your entities with one of these annotations: org.springframework.data.redis.core.RedisHash (preferred), or consider extending one of the following types with your repository: org.springframework.data.keyvalue.repository.KeyValueRepository
2026-05-07T14:16:03.736+05:30  INFO 6352 --- [           main] .RepositoryConfigurationExtensionSupport : Spring Data Redis - Could not safely identify store assignment for repository candidate interface com.dvcs.repository.repository.RepoRepository; If you want this repository to be a Redis repository, consider annotating your entities with one of these annotations: org.springframework.data.redis.core.RedisHash (preferred), or consider extending one of the following types with your repository: org.springframework.data.keyvalue.repository.KeyValueRepository
2026-05-07T14:16:03.736+05:30  INFO 6352 --- [           main] .s.d.r.c.RepositoryConfigurationDelegate : Finished Spring Data repository scanning in 65 ms. Found 0 Redis repository interfaces.
2026-05-07T14:16:09.946+05:30  INFO 6352 --- [           main] o.s.b.w.embedded.tomcat.TomcatWebServer  : Tomcat initialized with port 0 (http)
2026-05-07T14:16:09.999+05:30  INFO 6352 --- [           main] o.apache.catalina.core.StandardService   : Starting service [Tomcat]
2026-05-07T14:16:10.000+05:30  INFO 6352 --- [           main] o.apache.catalina.core.StandardEngine    : Starting Servlet engine: [Apache Tomcat/10.1.20]
2026-05-07T14:16:10.499+05:30  INFO 6352 --- [           main] o.a.c.c.C.[Tomcat].[localhost].[/]       : Initializing Spring embedded WebApplicationContext
2026-05-07T14:16:10.504+05:30  INFO 6352 --- [           main] w.s.c.ServletWebServerApplicationContext : Root WebApplicationContext: initialization completed in 13984 ms
2026-05-07T14:16:11.748+05:30  INFO 6352 --- [           main] com.zaxxer.hikari.HikariDataSource       : HikariPool-1 - Starting...
2026-05-07T14:16:12.356+05:30  INFO 6352 --- [           main] com.zaxxer.hikari.pool.HikariPool        : HikariPool-1 - Added connection org.postgresql.jdbc.PgConnection@3f5ac587
2026-05-07T14:16:12.364+05:30  INFO 6352 --- [           main] com.zaxxer.hikari.HikariDataSource       : HikariPool-1 - Start completed.
2026-05-07T14:16:12.594+05:30  INFO 6352 --- [           main] org.flywaydb.core.FlywayExecutor         : Database: jdbc:postgresql://localhost:51125/dvcs_notification_test (PostgreSQL 16.13)
2026-05-07T14:16:12.875+05:30  INFO 6352 --- [           main] o.f.c.i.s.JdbcTableSchemaHistory         : Schema history table "public"."flyway_schema_history" does not exist yet
2026-05-07T14:16:12.888+05:30  INFO 6352 --- [           main] o.f.core.internal.command.DbValidate     : Successfully validated 4 migrations (execution time 00:00.076s)
2026-05-07T14:16:13.011+05:30  INFO 6352 --- [           main] o.f.c.i.s.JdbcTableSchemaHistory         : Creating Schema History table "public"."flyway_schema_history" ...
2026-05-07T14:16:13.239+05:30  INFO 6352 --- [           main] o.f.core.internal.command.DbMigrate      : Current version of schema "public": << Empty Schema >>
2026-05-07T14:16:13.419+05:30  INFO 6352 --- [           main] o.f.core.internal.command.DbMigrate      : Migrating schema "public" to version "1 - init"
2026-05-07T14:16:13.850+05:30  INFO 6352 --- [           main] o.f.core.internal.command.DbMigrate      : Migrating schema "public" to version "2 - seed data"
2026-05-07T14:16:13.861+05:30  INFO 6352 --- [           main] o.f.c.i.s.DefaultSqlScriptExecutor       : +--------+
| setval |
+--------+
| 1      |
+--------+

2026-05-07T14:16:13.870+05:30  INFO 6352 --- [           main] o.f.c.i.s.DefaultSqlScriptExecutor       : +--------+
| setval |
+--------+
| 1      |
+--------+

2026-05-07T14:16:13.937+05:30  INFO 6352 --- [           main] o.f.core.internal.command.DbMigrate      : Migrating schema "public" to version "3 - refresh tokens"
2026-05-07T14:16:14.037+05:30  INFO 6352 --- [           main] o.f.core.internal.command.DbMigrate      : Migrating schema "public" to version "4 - pr review body"
2026-05-07T14:16:14.140+05:30  INFO 6352 --- [           main] o.f.core.internal.command.DbMigrate      : Successfully applied 4 migrations to schema "public", now at version v4 (execution time 00:00.459s)
2026-05-07T14:16:14.688+05:30  INFO 6352 --- [           main] o.hibernate.jpa.internal.util.LogHelper  : HHH000204: Processing PersistenceUnitInfo [name: default]
2026-05-07T14:16:14.908+05:30  INFO 6352 --- [           main] org.hibernate.Version                    : HHH000412: Hibernate ORM core version 6.4.4.Final
2026-05-07T14:16:15.069+05:30  INFO 6352 --- [           main] o.h.c.internal.RegionFactoryInitiator    : HHH000026: Second-level cache disabled
2026-05-07T14:16:16.439+05:30  INFO 6352 --- [           main] o.s.o.j.p.SpringPersistenceUnitInfo      : No LoadTimeWeaver setup: ignoring JPA class transformer
2026-05-07T14:16:16.765+05:30  WARN 6352 --- [           main] org.hibernate.orm.deprecation            : HHH90000025: PostgreSQLDialect does not need to be specified explicitly using 'hibernate.dialect' (remove the property setting and it will be selected by default)
2026-05-07T14:16:23.315+05:30  INFO 6352 --- [           main] o.h.e.t.j.p.i.JtaPlatformInitiator       : HHH000489: No JTA platform available (set 'hibernate.transaction.jta.platform' to enable JTA platform integration)
2026-05-07T14:16:23.328+05:30  INFO 6352 --- [           main] j.LocalContainerEntityManagerFactoryBean : Initialized JPA EntityManagerFactory for persistence unit 'default'
2026-05-07T14:16:28.695+05:30  INFO 6352 --- [           main] o.s.d.j.r.query.QueryEnhancerFactory     : Hibernate is in classpath; If applicable, HQL parser will be used.
2026-05-07T14:16:32.658+05:30  WARN 6352 --- [           main] JpaBaseConfiguration$JpaWebConfiguration : spring.jpa.open-in-view is enabled by default. Therefore, database queries may be performed during view rendering. Explicitly configure spring.jpa.open-in-view to disable this warning
2026-05-07T14:16:34.885+05:30  INFO 6352 --- [           main] o.s.s.web.DefaultSecurityFilterChain     : Will secure any request with [org.springframework.security.web.session.DisableEncodeUrlFilter@49d52df2, org.springframework.security.web.context.request.async.WebAsyncManagerIntegrationFilter@50a4e4e, org.springframework.security.web.context.SecurityContextHolderFilter@7d2fc711, org.springframework.security.web.header.HeaderWriterFilter@58d103a4, org.springframework.web.filter.CorsFilter@1b05c2e8, org.springframework.security.web.authentication.logout.LogoutFilter@2e5f2387, com.dvcs.common.security.RateLimitFilter@5f7cc6fd, com.dvcs.common.security.JwtAuthenticationFilter@5ce50c82, com.dvcs.common.security.PersonalTokenFilter@54422189, org.springframework.security.web.savedrequest.RequestCacheAwareFilter@232fc6a6, org.springframework.security.web.servletapi.SecurityContextHolderAwareRequestFilter@3e6046fb, org.springframework.security.web.authentication.AnonymousAuthenticationFilter@25b665ca, org.springframework.security.web.session.SessionManagementFilter@55744b16, org.springframework.security.web.access.ExceptionTranslationFilter@2ea0e29d, org.springframework.security.web.access.intercept.AuthorizationFilter@c98017f]
2026-05-07T14:16:36.978+05:30  INFO 6352 --- [           main] o.a.c.c.C.[Tomcat].[localhost].[/]       : Initializing Spring TestDispatcherServlet ''
2026-05-07T14:16:36.980+05:30  INFO 6352 --- [           main] o.s.t.web.servlet.TestDispatcherServlet  : Initializing Servlet ''
2026-05-07T14:16:36.984+05:30  INFO 6352 --- [           main] o.s.t.web.servlet.TestDispatcherServlet  : Completed initialization in 3 ms
2026-05-07T14:16:37.343+05:30  INFO 6352 --- [           main] o.s.b.w.embedded.tomcat.TomcatWebServer  : Tomcat started on port 50628 (http) with context path ''
2026-05-07T14:16:39.169+05:30  INFO 6352 --- [           main] o.s.m.s.b.SimpleBrokerMessageHandler     : Starting...
2026-05-07T14:16:39.170+05:30  INFO 6352 --- [           main] o.s.m.s.b.SimpleBrokerMessageHandler     : BrokerAvailabilityEvent[available=true, SimpleBrokerMessageHandler [org.springframework.messaging.simp.broker.DefaultSubscriptionRegistry@4fb52fa5]]
2026-05-07T14:16:39.171+05:30  INFO 6352 --- [           main] o.s.m.s.b.SimpleBrokerMessageHandler     : Started.
2026-05-07T14:16:39.218+05:30  INFO 6352 --- [           main] c.d.n.NotificationControllerIT           : Started NotificationControllerIT in 44.413 seconds (process running for 58.456)
]]></system-out>
    <system-err><![CDATA[WARNING: A Java agent has been loaded dynamically (C:\Users\Yuvraj Pandiya\.m2\repository\net\bytebuddy\byte-buddy-agent\1.14.13\byte-buddy-agent-1.14.13.jar)
WARNING: If a serviceability tool is in use, please run with -XX:+EnableDynamicAgentLoading to hide this warning
WARNING: If a serviceability tool is not in use, please run with -Djdk.instrument.traceUsage for more information
WARNING: Dynamic loading of agents will be disallowed by default in a future release
]]></system-err>
  </testcase>
  <testcase name="listNotifications_unauthenticated_returns401" classname="com.dvcs.notification.NotificationControllerIT" time="0.584"/>
  <testcase name="listNotifications_afterCreate_returnsNotification" classname="com.dvcs.notification.NotificationControllerIT" time="0.734"/>
  <testcase name="markAsRead_removesFromUnreadList" classname="com.dvcs.notification.NotificationControllerIT" time="0.624"/>
</testsuite>